<?xml version="1.0" encoding="UTF-8"?>
<!-- Generated by org.testng.reporters.JUnitReportReporter -->
<testsuite hostname="LAPTOP-719GAQRG" failures="0" tests="1" name="actiTimeTestClass.ActiTimeTestClass" time="0.930" errors="0" timestamp="2023-11-27T21:39:13 IST" skipped="0">
  <testcase classname="actiTimeTestClass.ActiTimeTestClass" name="toVerifytheLogo" time="0.930"/>
  <system-out/>
</testsuite> <!-- actiTimeTestClass.ActiTimeTestClass -->
